<?xml version="1.0" encoding="utf-8"?><testsuites name="pytest tests"><testsuite name="pytest" errors="0" failures="0" skipped="0" tests="15" time="8.427" timestamp="2026-07-07T09:00:31.662123+00:00" hostname="agent-env-de6a992f-c59f-4e3d-ad06-d2662f83851e"><testcase classname="tests.backend_test" name="test_root" time="0.252" /><testcase classname="tests.backend_test" name="test_register_login_me_flow" time="0.955" /><testcase classname="tests.backend_test" name="test_demo_menu_seeded" time="0.312" /><testcase classname="tests.backend_test" name="test_new_user_gets_starter_menu" time="0.316" /><testcase classname="tests.backend_test" name="test_tenancy_isolation" time="0.894" /><testcase classname="tests.backend_test" name="test_category_and_item_crud_and_cascade" time="0.788" /><testcase classname="tests.backend_test" name="test_customization_update" time="0.362" /><testcase classname="tests.backend_test" name="test_orders_unauthenticated_401" time="0.126" /><testcase classname="tests.backend_test" name="test_order_next_number_per_user" time="0.133" /><testcase classname="tests.backend_test" name="test_analytics_date_filter_scoped" time="0.044" /><testcase classname="tests.backend_test" name="test_availability_patch_and_config_returns_fields" time="0.491" /><testcase classname="tests.backend_test" name="test_shopping_crud_and_tenancy" time="0.940" /><testcase classname="tests.backend_test" name="test_employees_crud_and_tenancy" time="0.993" /><testcase classname="tests.backend_test" name="test_shifts_upsert_and_isolation" time="1.061" /><testcase classname="tests.backend_test" name="test_shifts_and_shopping_require_auth" time="0.177" /></testsuite></testsuites>