<?xml version="1.0" encoding="utf-8"?><testsuites name="pytest tests"><testsuite name="pytest" errors="0" failures="0" skipped="0" tests="26" time="30.950" timestamp="2026-07-08T07:37:58.409870+00:00" hostname="agent-env-de6a992f-c59f-4e3d-ad06-d2662f83851e"><testcase classname="tests.backend_test" name="test_root" time="0.275" /><testcase classname="tests.backend_test" name="test_login_returns_null_profile" time="0.311" /><testcase classname="tests.backend_test" name="test_profile_select_owner_grants_analytics" time="0.576" /><testcase classname="tests.backend_test" name="test_profile_select_wrong_pin" time="0.308" /><testcase classname="tests.backend_test" name="test_profile_employee_cannot_access_analytics_but_can_order" time="0.436" /><testcase classname="tests.backend_test" name="test_change_pin_requires_owner_and_updates" time="2.299" /><testcase classname="tests.backend_test" name="test_profile_exit_clears_profile" time="0.384" /><testcase classname="tests.backend_test" name="test_menu_delete_requires_owner" time="1.546" /><testcase classname="tests.backend_test" name="test_option_groups_persist_and_update" time="1.291" /><testcase classname="tests.backend_test" name="test_phone_order_with_delivery" time="0.555" /><testcase classname="tests.backend_test" name="test_register_login_me_flow" time="1.141" /><testcase classname="tests.backend_test" name="test_demo_menu_seeded" time="0.043" /><testcase classname="tests.backend_test" name="test_tenancy_isolation" time="2.297" /><testcase classname="tests.backend_test" name="test_category_and_item_crud_and_cascade" time="1.319" /><testcase classname="tests.backend_test" name="test_orders_unauthenticated_401" time="0.161" /><testcase classname="tests.backend_test" name="test_shopping_requires_owner" time="1.474" /><testcase classname="tests.backend_test" name="test_employees_and_shifts_flow" time="1.278" /><testcase classname="tests.backend_test" name="test_bulk_set_price" time="1.337" /><testcase classname="tests.backend_test" name="test_bulk_adjust_price_delta_clamped" time="1.443" /><testcase classname="tests.backend_test" name="test_bulk_adjust_price_pct" time="1.403" /><testcase classname="tests.backend_test" name="test_bulk_set_category_and_unknown_404" time="1.465" /><testcase classname="tests.backend_test" name="test_bulk_set_availability" time="1.326" /><testcase classname="tests.backend_test" name="test_bulk_add_option_group" time="1.327" /><testcase classname="tests.backend_test" name="test_bulk_delete" time="1.285" /><testcase classname="tests.backend_test" name="test_bulk_employee_forbidden" time="1.467" /><testcase classname="tests.backend_test" name="test_bulk_tenancy_isolation" time="3.533" /></testsuite></testsuites>